<?xml version="1.0" encoding="UTF-8"?>
<testsuite xmlns:xsi="http://www.w3.org/2001/XMLSchema-instance" xsi:noNamespaceSchemaLocation="https://maven.apache.org/surefire/maven-surefire-plugin/xsd/surefire-test-report-3.0.xsd" version="3.0" name="com.fooddelivery.apigatewayservice.ApigatewayServiceApplicationTests" time="18.297" tests="1" errors="0" skipped="0" failures="0">
  <properties>
[...]
</properties>
  <testcase name="contextLoads" classname="com.fooddelivery.apigatewayservice.ApigatewayServiceApplicationTests" time="3.203">
    <system-out><![CDATA[Standard Commons Logging discovery in action with spring-jcl: please remove commons-logging.jar from classpath in order to avoid potential conflicts
19:22:32.602 [main] INFO org.springframework.test.context.support.AnnotationConfigContextLoaderUtils -- Could not detect default configuration classes for test class [com.fooddelivery.apigatewayservice.ApigatewayServiceApplicationTests]: ApigatewayServiceApplicationTests does not declare any static, non-private, non-final, nested classes annotated with @Configuration.
19:22:32.957 [main] INFO org.springframework.boot.test.context.SpringBootTestContextBootstrapper -- Found @SpringBootConfiguration com.fooddelivery.apigatewayservice.ApigatewayServiceApplication for test class com.fooddelivery.apigatewayservice.ApigatewayServiceApplicationTests

  .   ____          _            __ _ _
 /\\ / ___'_ __ _ _(_)_ __  __ _ \ \ \ \
( ( )\___ | '_ | '_| | '_ \/ _` | \ \ \ \
 \\/  ___)| |_)| | | | | || (_| |  ) ) ) )
  '  |____| .__|_| |_|_| |_\__, | / / / /
 =========|_|==============|___/=/_/_/_/
 :: Spring Boot ::                (v3.2.5)

2024-06-01T19:22:38.530+05:30  INFO 10928 --- [apigateway-service] [           main] b.c.PropertySourceBootstrapConfiguration : Located property source: [BootstrapPropertySource {name='bootstrapProperties-config/apigateway-service/'}, BootstrapPropertySource {name='bootstrapProperties-config/application/'}]
2024-06-01T19:22:38.588+05:30  WARN 10928 --- [apigateway-service] [           main] ory$DuplicateJsonObjectContextCustomizer : 

Found multiple occurrences of org.json.JSONObject on the class path:

	jar:file:/C:/Users/Tanmayi%20Shinde/.m2/repository/org/json/json/20230227/json-20230227.jar!/org/json/JSONObject.class
	jar:file:/C:/Users/Tanmayi%20Shinde/.m2/repository/com/vaadin/external/google/android-json/0.0.20131108.vaadin1/android-json-0.0.20131108.vaadin1.jar!/org/json/JSONObject.class

You may wish to exclude one of them to ensure predictable runtime behavior

2024-06-01T19:22:38.610+05:30  INFO 10928 --- [apigateway-service] [           main] c.f.a.ApigatewayServiceApplicationTests  : No active profile set, falling back to 1 default profile: "default"
2024-06-01T19:22:41.962+05:30  INFO 10928 --- [apigateway-service] [           main] faultConfiguringBeanFactoryPostProcessor : No bean named 'errorChannel' has been explicitly defined. Therefore, a default PublishSubscribeChannel will be created.
2024-06-01T19:22:41.979+05:30  INFO 10928 --- [apigateway-service] [           main] faultConfiguringBeanFactoryPostProcessor : No bean named 'integrationHeaderChannelRegistry' has been explicitly defined. Therefore, a default DefaultHeaderChannelRegistry will be created.
2024-06-01T19:22:42.220+05:30  INFO 10928 --- [apigateway-service] [           main] o.s.cloud.context.scope.GenericScope     : BeanFactory id=b64f4c81-1df7-3d7a-a17f-4bc71891eafc
2024-06-01T19:22:42.401+05:30  WARN 10928 --- [apigateway-service] [           main] trationDelegate$BeanPostProcessorChecker : Bean 'org.springframework.cloud.client.loadbalancer.LoadBalancerAutoConfiguration$DeferringLoadBalancerInterceptorConfig' of type [org.springframework.cloud.client.loadbalancer.LoadBalancerAutoConfiguration$DeferringLoadBalancerInterceptorConfig] is not eligible for getting processed by all BeanPostProcessors (for example: not eligible for auto-proxying). The currently created BeanPostProcessor [lbRestClientPostProcessor] is declared through a non-static factory method on that class; consider declaring it as static instead.
2024-06-01T19:22:42.408+05:30  WARN 10928 --- [apigateway-service] [           main] trationDelegate$BeanPostProcessorChecker : Bean 'deferringLoadBalancerInterceptor' of type [org.springframework.cloud.client.loadbalancer.DeferringLoadBalancerInterceptor] is not eligible for getting processed by all BeanPostProcessors (for example: not eligible for auto-proxying). Is this bean getting eagerly injected into a currently created BeanPostProcessor [lbRestClientPostProcessor]? Check the corresponding BeanPostProcessor declaration and its dependencies.
2024-06-01T19:22:42.413+05:30  WARN 10928 --- [apigateway-service] [           main] trationDelegate$BeanPostProcessorChecker : Bean 'org.springframework.cloud.client.loadbalancer.reactive.LoadBalancerBeanPostProcessorAutoConfiguration' of type [org.springframework.cloud.client.loadbalancer.reactive.LoadBalancerBeanPostProcessorAutoConfiguration] is not eligible for getting processed by all BeanPostProcessors (for example: not eligible for auto-proxying). The currently created BeanPostProcessor [loadBalancerWebClientBuilderBeanPostProcessor] is declared through a non-static factory method on that class; consider declaring it as static instead.
2024-06-01T19:22:42.417+05:30  WARN 10928 --- [apigateway-service] [           main] trationDelegate$BeanPostProcessorChecker : Bean 'org.springframework.cloud.client.loadbalancer.reactive.LoadBalancerBeanPostProcessorAutoConfiguration$ReactorDeferringLoadBalancerFilterConfig' of type [org.springframework.cloud.client.loadbalancer.reactive.LoadBalancerBeanPostProcessorAutoConfiguration$ReactorDeferringLoadBalancerFilterConfig] is not eligible for getting processed by all BeanPostProcessors (for example: not eligible for auto-proxying). Is this bean getting eagerly injected into a currently created BeanPostProcessor [loadBalancerWebClientBuilderBeanPostProcessor]? Check the corresponding BeanPostProcessor declaration and its dependencies.
2024-06-01T19:22:42.419+05:30  WARN 10928 --- [apigateway-service] [           main] trationDelegate$BeanPostProcessorChecker : Bean 'reactorDeferringLoadBalancerExchangeFilterFunction' of type [org.springframework.cloud.client.loadbalancer.reactive.DeferringLoadBalancerExchangeFilterFunction] is not eligible for getting processed by all BeanPostProcessors (for example: not eligible for auto-proxying). Is this bean getting eagerly injected into a currently created BeanPostProcessor [loadBalancerWebClientBuilderBeanPostProcessor]? Check the corresponding BeanPostProcessor declaration and its dependencies.
2024-06-01T19:22:44.534+05:30  INFO 10928 --- [apigateway-service] [           main] o.s.c.g.r.RouteDefinitionRouteLocator    : Loaded RoutePredicateFactory [After]
2024-06-01T19:22:44.534+05:30  INFO 10928 --- [apigateway-service] [           main] o.s.c.g.r.RouteDefinitionRouteLocator    : Loaded RoutePredicateFactory [Before]
2024-06-01T19:22:44.534+05:30  INFO 10928 --- [apigateway-service] [           main] o.s.c.g.r.RouteDefinitionRouteLocator    : Loaded RoutePredicateFactory [Between]
2024-06-01T19:22:44.534+05:30  INFO 10928 --- [apigateway-service] [           main] o.s.c.g.r.RouteDefinitionRouteLocator    : Loaded RoutePredicateFactory [Cookie]
2024-06-01T19:22:44.535+05:30  INFO 10928 --- [apigateway-service] [           main] o.s.c.g.r.RouteDefinitionRouteLocator    : Loaded RoutePredicateFactory [Header]
2024-06-01T19:22:44.535+05:30  INFO 10928 --- [apigateway-service] [           main] o.s.c.g.r.RouteDefinitionRouteLocator    : Loaded RoutePredicateFactory [Host]
2024-06-01T19:22:44.535+05:30  INFO 10928 --- [apigateway-service] [           main] o.s.c.g.r.RouteDefinitionRouteLocator    : Loaded RoutePredicateFactory [Method]
2024-06-01T19:22:44.535+05:30  INFO 10928 --- [apigateway-service] [           main] o.s.c.g.r.RouteDefinitionRouteLocator    : Loaded RoutePredicateFactory [Path]
2024-06-01T19:22:44.535+05:30  INFO 10928 --- [apigateway-service] [           main] o.s.c.g.r.RouteDefinitionRouteLocator    : Loaded RoutePredicateFactory [Query]
2024-06-01T19:22:44.535+05:30  INFO 10928 --- [apigateway-service] [           main] o.s.c.g.r.RouteDefinitionRouteLocator    : Loaded RoutePredicateFactory [ReadBody]
2024-06-01T19:22:44.535+05:30  INFO 10928 --- [apigateway-service] [           main] o.s.c.g.r.RouteDefinitionRouteLocator    : Loaded RoutePredicateFactory [RemoteAddr]
2024-06-01T19:22:44.536+05:30  INFO 10928 --- [apigateway-service] [           main] o.s.c.g.r.RouteDefinitionRouteLocator    : Loaded RoutePredicateFactory [XForwardedRemoteAddr]
2024-06-01T19:22:44.536+05:30  INFO 10928 --- [apigateway-service] [           main] o.s.c.g.r.RouteDefinitionRouteLocator    : Loaded RoutePredicateFactory [Weight]
2024-06-01T19:22:44.536+05:30  INFO 10928 --- [apigateway-service] [           main] o.s.c.g.r.RouteDefinitionRouteLocator    : Loaded RoutePredicateFactory [CloudFoundryRouteService]
2024-06-01T19:22:45.304+05:30  INFO 10928 --- [apigateway-service] [           main] o.s.b.a.e.web.EndpointLinksResolver      : Exposing 1 endpoint(s) beneath base path '/actuator'
2024-06-01T19:22:46.012+05:30  INFO 10928 --- [apigateway-service] [           main] o.s.c.s.m.DirectWithAttributesChannel    : Channel 'apigateway-service-1.springCloudBusInput' has 1 subscriber(s).
2024-06-01T19:22:46.424+05:30  WARN 10928 --- [apigateway-service] [           main] iguration$LoadBalancerCaffeineWarnLogger : Spring Cloud LoadBalancer is currently working with the default cache. While this cache implementation is useful for development and tests, it's recommended to use Caffeine cache in production.You can switch to using Caffeine cache, by adding it and org.springframework.cache.caffeine.CaffeineCacheManager to the classpath.
2024-06-01T19:22:46.622+05:30  INFO 10928 --- [apigateway-service] [           main] o.s.i.endpoint.EventDrivenConsumer       : Adding {logging-channel-adapter:_org.springframework.integration.errorLogger} as a subscriber to the 'errorChannel' channel
2024-06-01T19:22:46.623+05:30  INFO 10928 --- [apigateway-service] [           main] o.s.i.channel.PublishSubscribeChannel    : Channel 'apigateway-service-1.errorChannel' has 1 subscriber(s).
2024-06-01T19:22:46.624+05:30  INFO 10928 --- [apigateway-service] [           main] o.s.i.endpoint.EventDrivenConsumer       : started bean '_org.springframework.integration.errorLogger'
2024-06-01T19:22:46.634+05:30  INFO 10928 --- [apigateway-service] [           main] o.s.c.s.binder.DefaultBinderFactory      : Creating binder: consul
2024-06-01T19:22:46.635+05:30  INFO 10928 --- [apigateway-service] [           main] o.s.c.s.binder.DefaultBinderFactory      : Constructing binder child context for consul
2024-06-01T19:22:46.958+05:30  INFO 10928 --- [apigateway-service] [           main] o.s.c.s.binder.DefaultBinderFactory      : Caching the binder: consul
2024-06-01T19:22:46.970+05:30  INFO 10928 --- [apigateway-service] [           main] o.s.c.c.b.ConsulInboundMessageProducer   : started org.springframework.cloud.consul.binder.ConsulInboundMessageProducer@2cb53bfc
2024-06-01T19:22:47.059+05:30  INFO 10928 --- [apigateway-service] [           main] c.f.a.ApigatewayServiceApplicationTests  : Started ApigatewayServiceApplicationTests in 13.663 seconds (process running for 17.148)
]]></system-out>
  </testcase>
</testsuite>